Generated at 2016-03-12 17:54:38 +0530
Chef::Exceptions::EnclosingDirectoryDoesNotExist: file[C:/Test/Test_File.txt] (hello_world::make_file line 1) had an error: Chef::Exceptions::EnclosingDirectoryDoesNotExist: Parent directory C:/Test does not exist.
C:/opscode/chef/embedded/lib/ruby/gems/2.0.0/gems/chef-12.7.2-universal-mingw32/lib/chef/mixin/why_run.rb:240:in `run'
C:/opscode/chef/embedded/lib/ruby/gems/2.0.0/gems/chef-12.7.2-universal-mingw32/lib/chef/mixin/why_run.rb:321:in `block in run'
C:/opscode/chef/embedded/lib/ruby/gems/2.0.0/gems/chef-12.7.2-universal-mingw32/lib/chef/mixin/why_run.rb:320:in `each'
C:/opscode/chef/embedded/lib/ruby/gems/2.0.0/gems/chef-12.7.2-universal-mingw32/lib/chef/mixin/why_run.rb:320:in `run'
C:/opscode/chef/embedded/lib/ruby/gems/2.0.0/gems/chef-12.7.2-universal-mingw32/lib/chef/provider.rb:154:in `process_resource_requirements'
C:/opscode/chef/embedded/lib/ruby/gems/2.0.0/gems/chef-12.7.2-universal-mingw32/lib/chef/provider.rb:132:in `run_action'
C:/opscode/chef/embedded/lib/ruby/gems/2.0.0/gems/chef-12.7.2-universal-mingw32/lib/chef/resource.rb:596:in `run_action'
C:/opscode/chef/embedded/lib/ruby/gems/2.0.0/gems/chef-12.7.2-universal-mingw32/lib/chef/runner.rb:73:in `run_action'
C:/opscode/chef/embedded/lib/ruby/gems/2.0.0/gems/chef-12.7.2-universal-mingw32/lib/chef/runner.rb:105:in `block (2 levels) in converge'
C:/opscode/chef/embedded/lib/ruby/gems/2.0.0/gems/chef-12.7.2-universal-mingw32/lib/chef/runner.rb:105:in `each'
C:/opscode/chef/embedded/lib/ruby/gems/2.0.0/gems/chef-12.7.2-universal-mingw32/lib/chef/runner.rb:105:in `block in converge'
C:/opscode/chef/embedded/lib/ruby/gems/2.0.0/gems/chef-12.7.2-universal-mingw32/lib/chef/resource_collection/resource_list.rb:83:in `block in execute_each_resource'
C:/opscode/chef/embedded/lib/ruby/gems/2.0.0/gems/chef-12.7.2-universal-mingw32/lib/chef/resource_collection/stepable_iterator.rb:116:in `call'
C:/opscode/chef/embedded/lib/ruby/gems/2.0.0/gems/chef-12.7.2-universal-mingw32/lib/chef/resource_collection/stepable_iterator.rb:116:in `call_iterator_block'
C:/opscode/chef/embedded/lib/ruby/gems/2.0.0/gems/chef-12.7.2-universal-mingw32/lib/chef/resource_collection/stepable_iterator.rb:85:in `step'
C:/opscode/chef/embedded/lib/ruby/gems/2.0.0/gems/chef-12.7.2-universal-mingw32/lib/chef/resource_collection/stepable_iterator.rb:104:in `iterate'
C:/opscode/chef/embedded/lib/ruby/gems/2.0.0/gems/chef-12.7.2-universal-mingw32/lib/chef/resource_collection/stepable_iterator.rb:55:in `each_with_index'
C:/opscode/chef/embedded/lib/ruby/gems/2.0.0/gems/chef-12.7.2-universal-mingw32/lib/chef/resource_collection/resource_list.rb:81:in `execute_each_resource'
C:/opscode/chef/embedded/lib/ruby/gems/2.0.0/gems/chef-12.7.2-universal-mingw32/lib/chef/runner.rb:104:in `converge'
C:/opscode/chef/embedded/lib/ruby/gems/2.0.0/gems/chef-12.7.2-universal-mingw32/lib/chef/client.rb:668:in `block in converge'
C:/opscode/chef/embedded/lib/ruby/gems/2.0.0/gems/chef-12.7.2-universal-mingw32/lib/chef/client.rb:663:in `catch'
C:/opscode/chef/embedded/lib/ruby/gems/2.0.0/gems/chef-12.7.2-universal-mingw32/lib/chef/client.rb:663:in `converge'
C:/opscode/chef/embedded/lib/ruby/gems/2.0.0/gems/chef-12.7.2-universal-mingw32/lib/chef/client.rb:702:in `converge_and_save'
C:/opscode/chef/embedded/lib/ruby/gems/2.0.0/gems/chef-12.7.2-universal-mingw32/lib/chef/client.rb:280:in `run'
C:/opscode/chef/embedded/lib/ruby/gems/2.0.0/gems/chef-12.7.2-universal-mingw32/lib/chef/application.rb:252:in `run_with_graceful_exit_option'
C:/opscode/chef/embedded/lib/ruby/gems/2.0.0/gems/chef-12.7.2-universal-mingw32/lib/chef/application.rb:228:in `block in run_chef_client'
C:/opscode/chef/embedded/lib/ruby/gems/2.0.0/gems/chef-12.7.2-universal-mingw32/lib/chef/local_mode.rb:44:in `with_server_connectivity'
C:/opscode/chef/embedded/lib/ruby/gems/2.0.0/gems/chef-12.7.2-universal-mingw32/lib/chef/application.rb:211:in `run_chef_client'
C:/opscode/chef/embedded/lib/ruby/gems/2.0.0/gems/chef-12.7.2-universal-mingw32/lib/chef/application/solo.rb:297:in `block in interval_run_chef_client'
C:/opscode/chef/embedded/lib/ruby/gems/2.0.0/gems/chef-12.7.2-universal-mingw32/lib/chef/application/solo.rb:286:in `loop'
C:/opscode/chef/embedded/lib/ruby/gems/2.0.0/gems/chef-12.7.2-universal-mingw32/lib/chef/application/solo.rb:286:in `interval_run_chef_client'
C:/opscode/chef/embedded/lib/ruby/gems/2.0.0/gems/chef-12.7.2-universal-mingw32/lib/chef/application/solo.rb:265:in `run_application'
C:/opscode/chef/embedded/lib/ruby/gems/2.0.0/gems/chef-12.7.2-universal-mingw32/lib/chef/application.rb:58:in `run'
C:/opscode/chef/embedded/lib/ruby/gems/2.0.0/gems/chef-12.7.2-universal-mingw32/bin/chef-solo:25:in `<top (required)>'
C:/opscode/chef/bin/chef-solo:60:in `load'
C:/opscode/chef/bin/chef-solo:60:in `<main>'